<?xml version="1.0" encoding="UTF-8"?>
<testng-results ignored="0" total="3" passed="3" failed="0" skipped="0">
  <reporter-output>
  </reporter-output>
  <suite started-at="2025-02-05T17:39:47 IST" name="Default suite" finished-at="2025-02-05T17:40:23 IST" duration-ms="36320">
    <groups>
      <group name="Purchase">
        <method signature="SubmitOrderTest.submitOrder(java.util.HashMap)[pri:0, instance:rahulshettyacademy.tests.SubmitOrderTest@221a3fa4]" name="submitOrder" class="rahulshettyacademy.tests.SubmitOrderTest"/>
      </group> <!-- Purchase -->
    </groups>
    <test started-at="2025-02-05T17:39:47 IST" name="Default test" finished-at="2025-02-05T17:40:23 IST" duration-ms="36320">
      <class name="rahulshettyacademy.tests.SubmitOrderTest">
        <test-method is-config="true" signature="launchApplication()[pri:0, instance:rahulshettyacademy.tests.SubmitOrderTest@221a3fa4]" started-at="2025-02-05T17:39:49 IST" name="launchApplication" finished-at="2025-02-05T17:39:57 IST" duration-ms="8142" status="PASS">
          <reporter-output>
          </reporter-output>
        </test-method> <!-- launchApplication -->
        <test-method signature="submitOrder(java.util.HashMap)[pri:0, instance:rahulshettyacademy.tests.SubmitOrderTest@221a3fa4]" started-at="2025-02-05T17:39:57 IST" name="submitOrder" data-provider="getData" finished-at="2025-02-05T17:40:03 IST" duration-ms="6531" status="PASS">
          <params>
            <param index="0">
              <value>
                <![CDATA[{password=Iamking@000, product=IPHONE 13 PRO, email=anshika@gmail.com}]]>
              </value>
            </param>
          </params>
          <reporter-output>
          </reporter-output>
        </test-method> <!-- submitOrder -->
        <test-method is-config="true" signature="tearDown()[pri:0, instance:rahulshettyacademy.tests.SubmitOrderTest@221a3fa4]" started-at="2025-02-05T17:40:03 IST" name="tearDown" finished-at="2025-02-05T17:40:04 IST" duration-ms="334" status="PASS">
          <reporter-output>
          </reporter-output>
        </test-method> <!-- tearDown -->
        <test-method is-config="true" signature="launchApplication()[pri:0, instance:rahulshettyacademy.tests.SubmitOrderTest@221a3fa4]" started-at="2025-02-05T17:40:04 IST" name="launchApplication" finished-at="2025-02-05T17:40:07 IST" duration-ms="2752" status="PASS">
          <reporter-output>
          </reporter-output>
        </test-method> <!-- launchApplication -->
        <test-method signature="submitOrder(java.util.HashMap)[pri:0, instance:rahulshettyacademy.tests.SubmitOrderTest@221a3fa4]" started-at="2025-02-05T17:40:07 IST" name="submitOrder" data-provider="getData" finished-at="2025-02-05T17:40:13 IST" duration-ms="6686" status="PASS">
          <params>
            <param index="0">
              <value>
                <![CDATA[{password=Iamking@000, product=QWERTY, email=shetty@gmail.com}]]>
              </value>
            </param>
          </params>
          <reporter-output>
          </reporter-output>
        </test-method> <!-- submitOrder -->
        <test-method is-config="true" signature="tearDown()[pri:0, instance:rahulshettyacademy.tests.SubmitOrderTest@221a3fa4]" started-at="2025-02-05T17:40:13 IST" name="tearDown" finished-at="2025-02-05T17:40:14 IST" duration-ms="339" status="PASS">
          <reporter-output>
          </reporter-output>
        </test-method> <!-- tearDown -->
        <test-method is-config="true" signature="launchApplication()[pri:0, instance:rahulshettyacademy.tests.SubmitOrderTest@221a3fa4]" started-at="2025-02-05T17:40:14 IST" name="launchApplication" finished-at="2025-02-05T17:40:18 IST" duration-ms="4230" status="PASS">
          <reporter-output>
          </reporter-output>
        </test-method> <!-- launchApplication -->
        <test-method signature="OrderHistoryTest()[pri:0, instance:rahulshettyacademy.tests.SubmitOrderTest@221a3fa4]" started-at="2025-02-05T17:40:18 IST" name="OrderHistoryTest" finished-at="2025-02-05T17:40:22 IST" depends-on-methods="rahulshettyacademy.tests.SubmitOrderTest.submitOrder" duration-ms="4605" status="PASS">
          <reporter-output>
          </reporter-output>
        </test-method> <!-- OrderHistoryTest -->
        <test-method is-config="true" signature="tearDown()[pri:0, instance:rahulshettyacademy.tests.SubmitOrderTest@221a3fa4]" started-at="2025-02-05T17:40:22 IST" name="tearDown" finished-at="2025-02-05T17:40:23 IST" duration-ms="628" status="PASS">
          <reporter-output>
          </reporter-output>
        </test-method> <!-- tearDown -->
      </class> <!-- rahulshettyacademy.tests.SubmitOrderTest -->
    </test> <!-- Default test -->
  </suite> <!-- Default suite -->
</testng-results>
